<?xml version="1.0" encoding="UTF-8"?>
<Site BuildName="Darwin-clang++"
	BuildStamp="20201217-1158-Experimental"
	Name="zhanglingyudeMacBook-Pro-2.local"
	Generator="ctest-3.19.0-rc1"
	CompilerName="/usr/bin/clang++"
	CompilerVersion="12.0.0.12000032"
	OSName="macOS"
	Hostname="zhanglingyudeMacBook-Pro-2.local"
	OSRelease="11.1"
	OSVersion="20C5048l"
	OSPlatform="x86_64"
	Is64Bits="1"
	VendorString="GenuineIntel"
	VendorID="Intel Corporation"
	FamilyID="6"
	ModelID="69"
	ProcessorCacheSize="32768"
	NumberOfLogicalCPU="4"
	NumberOfPhysicalCPU="2"
	TotalVirtualMemory="2048"
	TotalPhysicalMemory="8192"
	LogicalProcessorsPerPhysical="8"
	ProcessorClockFrequency="2600"
	>
	<Testing>
		<StartDateTime>Dec 17 19:58 CST</StartDateTime>
		<StartTestTime>1608206280</StartTestTime>
		<TestList/>
		<EndDateTime>Dec 17 19:58 CST</EndDateTime>
		<EndTestTime>1608206280</EndTestTime>
		<ElapsedMinutes>0</ElapsedMinutes>
	</Testing>
</Site>
